{"/home/nick/trading-cockpit-ui/src/hooks/useOrderBook.ts": {"path":"/home/nick/trading-cockpit-ui/src/hooks/useOrderBook.ts","statementMap":{"0":{"start":{"line":31,"column":16},"end":{"line":31,"column":34}},"1":{"start":{"line":24,"column":13},"end":{"line":24,"column":30}},"2":{"start":{"line":1,"column":57},"end":{"line":1,"column":null}},"3":{"start":{"line":2,"column":23},"end":{"line":2,"column":null}},"4":{"start":{"line":24,"column":33},"end":{"line":29,"column":null}},"5":{"start":{"line":24,"column":66},"end":{"line":29,"column":null}},"6":{"start":{"line":28,"column":30},"end":{"line":28,"column":null}},"7":{"start":{"line":32,"column":13},"end":{"line":32,"column":null}},"8":{"start":{"line":33,"column":21},"end":{"line":33,"column":null}},"9":{"start":{"line":33,"column":50},"end":{"line":33,"column":66}},"10":{"start":{"line":34,"column":30},"end":{"line":34,"column":null}},"11":{"start":{"line":36,"column":18},"end":{"line":55,"column":null}},"12":{"start":{"line":38,"column":4},"end":{"line":38,"column":null}},"13":{"start":{"line":40,"column":4},"end":{"line":40,"column":null}},"14":{"start":{"line":40,"column":30},"end":{"line":40,"column":null}},"15":{"start":{"line":42,"column":4},"end":{"line":48,"column":null}},"16":{"start":{"line":44,"column":19},"end":{"line":44,"column":null}},"17":{"start":{"line":45,"column":6},"end":{"line":47,"column":null}},"18":{"start":{"line":46,"column":8},"end":{"line":46,"column":null}},"19":{"start":{"line":50,"column":4},"end":{"line":50,"column":null}},"20":{"start":{"line":50,"column":31},"end":{"line":50,"column":null}},"21":{"start":{"line":51,"column":4},"end":{"line":54,"column":null}},"22":{"start":{"line":52,"column":6},"end":{"line":52,"column":null}},"23":{"start":{"line":53,"column":6},"end":{"line":53,"column":33}},"24":{"start":{"line":57,"column":2},"end":{"line":60,"column":null}},"25":{"start":{"line":58,"column":4},"end":{"line":58,"column":null}},"26":{"start":{"line":59,"column":4},"end":{"line":59,"column":null}},"27":{"start":{"line":59,"column":17},"end":{"line":59,"column":null}},"28":{"start":{"line":62,"column":2},"end":{"line":62,"column":null}}},"fnMap":{"0":{"name":"(anonymous_3)","decl":{"start":{"line":24,"column":56},"end":{"line":24,"column":57}},"loc":{"start":{"line":24,"column":66},"end":{"line":29,"column":null}}},"1":{"name":"(anonymous_4)","decl":{"start":{"line":28,"column":14},"end":{"line":28,"column":15}},"loc":{"start":{"line":28,"column":30},"end":{"line":28,"column":null}}},"2":{"name":"useMarketWebsocket","decl":{"start":{"line":31,"column":16},"end":{"line":31,"column":34}},"loc":{"start":{"line":31,"column":51},"end":{"line":63,"column":null}}},"3":{"name":"(anonymous_6)","decl":{"start":{"line":33,"column":39},"end":{"line":33,"column":40}},"loc":{"start":{"line":33,"column":50},"end":{"line":33,"column":66}}},"4":{"name":"(anonymous_7)","decl":{"start":{"line":36,"column":30},"end":{"line":36,"column":null}},"loc":{"start":{"line":36,"column":30},"end":{"line":55,"column":5}}},"5":{"name":"(anonymous_8)","decl":{"start":{"line":40,"column":24},"end":{"line":40,"column":30}},"loc":{"start":{"line":40,"column":30},"end":{"line":40,"column":null}}},"6":{"name":"(anonymous_9)","decl":{"start":{"line":42,"column":27},"end":{"line":42,"column":28}},"loc":{"start":{"line":42,"column":28},"end":{"line":48,"column":null}}},"7":{"name":"(anonymous_10)","decl":{"start":{"line":50,"column":25},"end":{"line":50,"column":31}},"loc":{"start":{"line":50,"column":31},"end":{"line":50,"column":null}}},"8":{"name":"(anonymous_11)","decl":{"start":{"line":51,"column":25},"end":{"line":51,"column":null}},"loc":{"start":{"line":51,"column":25},"end":{"line":54,"column":null}}},"9":{"name":"(anonymous_12)","decl":{"start":{"line":57,"column":12},"end":{"line":57,"column":null}},"loc":{"start":{"line":57,"column":12},"end":{"line":60,"column":5}}},"10":{"name":"(anonymous_13)","decl":{"start":{"line":59,"column":11},"end":{"line":59,"column":17}},"loc":{"start":{"line":59,"column":17},"end":{"line":59,"column":null}}}},"branchMap":{"0":{"loc":{"start":{"line":45,"column":6},"end":{"line":47,"column":null}},"type":"if","locations":[{"start":{"line":45,"column":6},"end":{"line":47,"column":null}},{"start":{},"end":{}}]}},"s":{"0":9,"1":16,"2":1,"3":1,"4":1,"5":1,"6":5,"7":9,"8":9,"9":11,"10":9,"11":9,"12":5,"13":5,"14":3,"15":5,"16":3,"17":3,"18":2,"19":5,"20":1,"21":5,"22":1,"23":1,"24":9,"25":4,"26":4,"27":4,"28":9},"f":{"0":1,"1":5,"2":9,"3":11,"4":5,"5":3,"6":3,"7":1,"8":1,"9":4,"10":4},"b":{"0":[2,1]}}
,"/home/nick/trading-cockpit-ui/src/lib/tradingStore.ts": {"path":"/home/nick/trading-cockpit-ui/src/lib/tradingStore.ts","statementMap":{"0":{"start":{"line":25,"column":13},"end":{"line":25,"column":27}},"1":{"start":{"line":27,"column":13},"end":{"line":27,"column":28}},"2":{"start":{"line":1,"column":23},"end":{"line":1,"column":null}},"3":{"start":{"line":25,"column":30},"end":{"line":25,"column":null}},"4":{"start":{"line":25,"column":47},"end":{"line":25,"column":null}},"5":{"start":{"line":27,"column":31},"end":{"line":43,"column":null}},"6":{"start":{"line":27,"column":62},"end":{"line":43,"column":null}},"7":{"start":{"line":39,"column":19},"end":{"line":39,"column":null}},"8":{"start":{"line":39,"column":31},"end":{"line":39,"column":null}},"9":{"start":{"line":40,"column":26},"end":{"line":40,"column":null}},"10":{"start":{"line":40,"column":38},"end":{"line":40,"column":null}},"11":{"start":{"line":41,"column":24},"end":{"line":41,"column":null}},"12":{"start":{"line":42,"column":22},"end":{"line":42,"column":null}},"13":{"start":{"line":42,"column":34},"end":{"line":42,"column":null}}},"fnMap":{"0":{"name":"(anonymous_3)","decl":{"start":{"line":25,"column":30},"end":{"line":25,"column":31}},"loc":{"start":{"line":25,"column":47},"end":{"line":25,"column":null}}},"1":{"name":"(anonymous_4)","decl":{"start":{"line":27,"column":52},"end":{"line":27,"column":53}},"loc":{"start":{"line":27,"column":62},"end":{"line":43,"column":null}}},"2":{"name":"(anonymous_5)","decl":{"start":{"line":39,"column":13},"end":{"line":39,"column":19}},"loc":{"start":{"line":39,"column":19},"end":{"line":39,"column":null}}},"3":{"name":"(anonymous_6)","decl":{"start":{"line":39,"column":23},"end":{"line":39,"column":24}},"loc":{"start":{"line":39,"column":31},"end":{"line":39,"column":null}}},"4":{"name":"(anonymous_7)","decl":{"start":{"line":40,"column":20},"end":{"line":40,"column":26}},"loc":{"start":{"line":40,"column":26},"end":{"line":40,"column":null}}},"5":{"name":"(anonymous_8)","decl":{"start":{"line":40,"column":30},"end":{"line":40,"column":31}},"loc":{"start":{"line":40,"column":38},"end":{"line":40,"column":null}}},"6":{"name":"(anonymous_9)","decl":{"start":{"line":41,"column":16},"end":{"line":41,"column":17}},"loc":{"start":{"line":41,"column":24},"end":{"line":41,"column":null}}},"7":{"name":"(anonymous_10)","decl":{"start":{"line":42,"column":16},"end":{"line":42,"column":22}},"loc":{"start":{"line":42,"column":22},"end":{"line":42,"column":null}}},"8":{"name":"(anonymous_11)","decl":{"start":{"line":42,"column":26},"end":{"line":42,"column":27}},"loc":{"start":{"line":42,"column":34},"end":{"line":42,"column":null}}}},"branchMap":{"0":{"loc":{"start":{"line":39,"column":44},"end":{"line":39,"column":87}},"type":"cond-expr","locations":[{"start":{"line":39,"column":69},"end":{"line":39,"column":80}},{"start":{"line":39,"column":80},"end":{"line":39,"column":87}}]},"1":{"loc":{"start":{"line":40,"column":104},"end":{"line":40,"column":144}},"type":"cond-expr","locations":[{"start":{"line":40,"column":125},"end":{"line":40,"column":137}},{"start":{"line":40,"column":137},"end":{"line":40,"column":144}}]}},"s":{"0":77,"1":352,"2":2,"3":2,"4":77,"5":2,"6":2,"7":5,"8":5,"9":7,"10":7,"11":2,"12":12,"13":12},"f":{"0":77,"1":2,"2":5,"3":5,"4":7,"5":7,"6":2,"7":12,"8":12},"b":{"0":[3,2],"1":[4,3]}}
,"/home/nick/trading-cockpit-ui/src/pages/index.tsx": {"path":"/home/nick/trading-cockpit-ui/src/pages/index.tsx","statementMap":{"0":{"start":{"line":261,"column":24},"end":{"line":261,"column":null}},"1":{"start":{"line":1,"column":17},"end":{"line":1,"column":null}},"2":{"start":{"line":2,"column":26},"end":{"line":2,"column":null}},"3":{"start":{"line":3,"column":72},"end":{"line":3,"column":null}},"4":{"start":{"line":5,"column":19},"end":{"line":9,"column":null}},"5":{"start":{"line":12,"column":2},"end":{"line":12,"column":null}},"6":{"start":{"line":16,"column":22},"end":{"line":21,"column":22}},"7":{"start":{"line":33,"column":20},"end":{"line":33,"column":null}},"8":{"start":{"line":33,"column":47},"end":{"line":33,"column":62}},"9":{"start":{"line":34,"column":20},"end":{"line":34,"column":null}},"10":{"start":{"line":34,"column":47},"end":{"line":34,"column":62}},"11":{"start":{"line":35,"column":15},"end":{"line":35,"column":null}},"12":{"start":{"line":35,"column":42},"end":{"line":35,"column":52}},"13":{"start":{"line":36,"column":27},"end":{"line":36,"column":null}},"14":{"start":{"line":36,"column":54},"end":{"line":36,"column":76}},"15":{"start":{"line":37,"column":20},"end":{"line":37,"column":null}},"16":{"start":{"line":37,"column":47},"end":{"line":37,"column":62}},"17":{"start":{"line":71,"column":23},"end":{"line":71,"column":null}},"18":{"start":{"line":71,"column":50},"end":{"line":71,"column":68}},"19":{"start":{"line":73,"column":27},"end":{"line":73,"column":52}},"20":{"start":{"line":98,"column":18},"end":{"line":98,"column":null}},"21":{"start":{"line":98,"column":45},"end":{"line":98,"column":58}},"22":{"start":{"line":99,"column":27},"end":{"line":99,"column":null}},"23":{"start":{"line":99,"column":54},"end":{"line":99,"column":76}},"24":{"start":{"line":110,"column":33},"end":{"line":110,"column":60}},"25":{"start":{"line":117,"column":20},"end":{"line":117,"column":null}},"26":{"start":{"line":117,"column":54},"end":{"line":117,"column":66}},"27":{"start":{"line":122,"column":8},"end":{"line":122,"column":44}},"28":{"start":{"line":135,"column":15},"end":{"line":135,"column":null}},"29":{"start":{"line":135,"column":42},"end":{"line":135,"column":52}},"30":{"start":{"line":136,"column":15},"end":{"line":136,"column":null}},"31":{"start":{"line":136,"column":42},"end":{"line":136,"column":52}},"32":{"start":{"line":137,"column":17},"end":{"line":137,"column":null}},"33":{"start":{"line":137,"column":44},"end":{"line":137,"column":null}},"34":{"start":{"line":137,"column":78},"end":{"line":137,"column":117}},"35":{"start":{"line":159,"column":15},"end":{"line":159,"column":null}},"36":{"start":{"line":159,"column":42},"end":{"line":159,"column":52}},"37":{"start":{"line":160,"column":19},"end":{"line":160,"column":null}},"38":{"start":{"line":160,"column":46},"end":{"line":160,"column":60}},"39":{"start":{"line":188,"column":20},"end":{"line":188,"column":null}},"40":{"start":{"line":188,"column":47},"end":{"line":188,"column":62}},"41":{"start":{"line":205,"column":14},"end":{"line":205,"column":40}},"42":{"start":{"line":220,"column":15},"end":{"line":220,"column":null}},"43":{"start":{"line":220,"column":42},"end":{"line":220,"column":52}},"44":{"start":{"line":221,"column":20},"end":{"line":221,"column":null}},"45":{"start":{"line":230,"column":10},"end":{"line":230,"column":28}},"46":{"start":{"line":244,"column":18},"end":{"line":244,"column":null}},"47":{"start":{"line":244,"column":45},"end":{"line":244,"column":58}},"48":{"start":{"line":245,"column":19},"end":{"line":245,"column":null}},"49":{"start":{"line":245,"column":55},"end":{"line":245,"column":66}},"50":{"start":{"line":246,"column":25},"end":{"line":246,"column":null}},"51":{"start":{"line":246,"column":57},"end":{"line":246,"column":110}},"52":{"start":{"line":262,"column":23},"end":{"line":262,"column":null}},"53":{"start":{"line":262,"column":50},"end":{"line":262,"column":68}},"54":{"start":{"line":264,"column":2},"end":{"line":267,"column":null}},"55":{"start":{"line":265,"column":18},"end":{"line":265,"column":null}},"56":{"start":{"line":266,"column":4},"end":{"line":266,"column":null}},"57":{"start":{"line":266,"column":17},"end":{"line":266,"column":null}}},"fnMap":{"0":{"name":"classNames","decl":{"start":{"line":11,"column":9},"end":{"line":11,"column":20}},"loc":{"start":{"line":11,"column":72},"end":{"line":13,"column":null}}},"1":{"name":"Metric","decl":{"start":{"line":15,"column":9},"end":{"line":15,"column":16}},"loc":{"start":{"line":15,"column":148},"end":{"line":30,"column":null}}},"2":{"name":"Header","decl":{"start":{"line":32,"column":9},"end":{"line":32,"column":null}},"loc":{"start":{"line":32,"column":9},"end":{"line":68,"column":null}}},"3":{"name":"(anonymous_5)","decl":{"start":{"line":33,"column":36},"end":{"line":33,"column":37}},"loc":{"start":{"line":33,"column":47},"end":{"line":33,"column":62}}},"4":{"name":"(anonymous_6)","decl":{"start":{"line":34,"column":36},"end":{"line":34,"column":37}},"loc":{"start":{"line":34,"column":47},"end":{"line":34,"column":62}}},"5":{"name":"(anonymous_7)","decl":{"start":{"line":35,"column":31},"end":{"line":35,"column":32}},"loc":{"start":{"line":35,"column":42},"end":{"line":35,"column":52}}},"6":{"name":"(anonymous_8)","decl":{"start":{"line":36,"column":43},"end":{"line":36,"column":44}},"loc":{"start":{"line":36,"column":54},"end":{"line":36,"column":76}}},"7":{"name":"(anonymous_9)","decl":{"start":{"line":37,"column":36},"end":{"line":37,"column":37}},"loc":{"start":{"line":37,"column":47},"end":{"line":37,"column":62}}},"8":{"name":"MarketRow","decl":{"start":{"line":70,"column":9},"end":{"line":70,"column":19}},"loc":{"start":{"line":70,"column":78},"end":{"line":95,"column":null}}},"9":{"name":"(anonymous_11)","decl":{"start":{"line":71,"column":39},"end":{"line":71,"column":40}},"loc":{"start":{"line":71,"column":50},"end":{"line":71,"column":68}}},"10":{"name":"(anonymous_12)","decl":{"start":{"line":73,"column":21},"end":{"line":73,"column":27}},"loc":{"start":{"line":73,"column":27},"end":{"line":73,"column":52}}},"11":{"name":"MarketsPanel","decl":{"start":{"line":97,"column":9},"end":{"line":97,"column":null}},"loc":{"start":{"line":97,"column":9},"end":{"line":114,"column":null}}},"12":{"name":"(anonymous_14)","decl":{"start":{"line":98,"column":34},"end":{"line":98,"column":35}},"loc":{"start":{"line":98,"column":45},"end":{"line":98,"column":58}}},"13":{"name":"(anonymous_15)","decl":{"start":{"line":99,"column":43},"end":{"line":99,"column":44}},"loc":{"start":{"line":99,"column":54},"end":{"line":99,"column":76}}},"14":{"name":"(anonymous_16)","decl":{"start":{"line":110,"column":21},"end":{"line":110,"column":22}},"loc":{"start":{"line":110,"column":33},"end":{"line":110,"column":60}}},"15":{"name":"OrderBookSide","decl":{"start":{"line":116,"column":9},"end":{"line":116,"column":23}},"loc":{"start":{"line":116,"column":112},"end":{"line":132,"column":null}}},"16":{"name":"(anonymous_18)","decl":{"start":{"line":117,"column":43},"end":{"line":117,"column":44}},"loc":{"start":{"line":117,"column":54},"end":{"line":117,"column":66}}},"17":{"name":"(anonymous_19)","decl":{"start":{"line":121,"column":18},"end":{"line":121,"column":19}},"loc":{"start":{"line":122,"column":8},"end":{"line":122,"column":44}}},"18":{"name":"OrderBookPanel","decl":{"start":{"line":134,"column":9},"end":{"line":134,"column":null}},"loc":{"start":{"line":134,"column":9},"end":{"line":156,"column":null}}},"19":{"name":"(anonymous_21)","decl":{"start":{"line":135,"column":31},"end":{"line":135,"column":32}},"loc":{"start":{"line":135,"column":42},"end":{"line":135,"column":52}}},"20":{"name":"(anonymous_22)","decl":{"start":{"line":136,"column":31},"end":{"line":136,"column":32}},"loc":{"start":{"line":136,"column":42},"end":{"line":136,"column":52}}},"21":{"name":"(anonymous_23)","decl":{"start":{"line":137,"column":33},"end":{"line":137,"column":34}},"loc":{"start":{"line":137,"column":44},"end":{"line":137,"column":null}}},"22":{"name":"(anonymous_24)","decl":{"start":{"line":137,"column":63},"end":{"line":137,"column":64}},"loc":{"start":{"line":137,"column":78},"end":{"line":137,"column":117}}},"23":{"name":"RiskPanel","decl":{"start":{"line":158,"column":9},"end":{"line":158,"column":null}},"loc":{"start":{"line":158,"column":9},"end":{"line":185,"column":null}}},"24":{"name":"(anonymous_26)","decl":{"start":{"line":159,"column":31},"end":{"line":159,"column":32}},"loc":{"start":{"line":159,"column":42},"end":{"line":159,"column":52}}},"25":{"name":"(anonymous_27)","decl":{"start":{"line":160,"column":35},"end":{"line":160,"column":36}},"loc":{"start":{"line":160,"column":46},"end":{"line":160,"column":60}}},"26":{"name":"PositionsPanel","decl":{"start":{"line":187,"column":9},"end":{"line":187,"column":null}},"loc":{"start":{"line":187,"column":9},"end":{"line":217,"column":null}}},"27":{"name":"(anonymous_29)","decl":{"start":{"line":188,"column":36},"end":{"line":188,"column":37}},"loc":{"start":{"line":188,"column":47},"end":{"line":188,"column":62}}},"28":{"name":"(anonymous_30)","decl":{"start":{"line":204,"column":27},"end":{"line":204,"column":28}},"loc":{"start":{"line":205,"column":14},"end":{"line":205,"column":40}}},"29":{"name":"ActivityPanel","decl":{"start":{"line":219,"column":9},"end":{"line":219,"column":null}},"loc":{"start":{"line":219,"column":9},"end":{"line":241,"column":null}}},"30":{"name":"(anonymous_32)","decl":{"start":{"line":220,"column":31},"end":{"line":220,"column":32}},"loc":{"start":{"line":220,"column":42},"end":{"line":220,"column":52}}},"31":{"name":"(anonymous_33)","decl":{"start":{"line":229,"column":18},"end":{"line":229,"column":19}},"loc":{"start":{"line":230,"column":10},"end":{"line":230,"column":28}}},"32":{"name":"Hero","decl":{"start":{"line":243,"column":9},"end":{"line":243,"column":null}},"loc":{"start":{"line":243,"column":9},"end":{"line":259,"column":null}}},"33":{"name":"(anonymous_35)","decl":{"start":{"line":244,"column":34},"end":{"line":244,"column":35}},"loc":{"start":{"line":244,"column":45},"end":{"line":244,"column":58}}},"34":{"name":"(anonymous_36)","decl":{"start":{"line":245,"column":43},"end":{"line":245,"column":44}},"loc":{"start":{"line":245,"column":55},"end":{"line":245,"column":66}}},"35":{"name":"(anonymous_37)","decl":{"start":{"line":246,"column":40},"end":{"line":246,"column":41}},"loc":{"start":{"line":246,"column":57},"end":{"line":246,"column":110}}},"36":{"name":"Home","decl":{"start":{"line":261,"column":24},"end":{"line":261,"column":null}},"loc":{"start":{"line":261,"column":24},"end":{"line":294,"column":null}}},"37":{"name":"(anonymous_39)","decl":{"start":{"line":262,"column":39},"end":{"line":262,"column":40}},"loc":{"start":{"line":262,"column":50},"end":{"line":262,"column":68}}},"38":{"name":"(anonymous_40)","decl":{"start":{"line":264,"column":12},"end":{"line":264,"column":null}},"loc":{"start":{"line":264,"column":12},"end":{"line":267,"column":5}}},"39":{"name":"(anonymous_41)","decl":{"start":{"line":266,"column":11},"end":{"line":266,"column":17}},"loc":{"start":{"line":266,"column":17},"end":{"line":266,"column":null}}}},"branchMap":{"0":{"loc":{"start":{"line":21,"column":4},"end":{"line":21,"column":22}},"type":"binary-expr","locations":[{"start":{"line":21,"column":4},"end":{"line":21,"column":14}},{"start":{"line":21,"column":14},"end":{"line":21,"column":22}}]},"1":{"loc":{"start":{"line":27,"column":7},"end":{"line":27,"column":null}},"type":"cond-expr","locations":[{"start":{"line":27,"column":17},"end":{"line":27,"column":null}},{"start":{"line":27,"column":80},"end":{"line":27,"column":null}}]},"2":{"loc":{"start":{"line":56,"column":88},"end":{"line":56,"column":null}},"type":"cond-expr","locations":[{"start":{"line":56,"column":111},"end":{"line":56,"column":166}},{"start":{"line":56,"column":166},"end":{"line":56,"column":null}}]},"3":{"loc":{"start":{"line":56,"column":166},"end":{"line":56,"column":null}},"type":"cond-expr","locations":[{"start":{"line":56,"column":192},"end":{"line":56,"column":247}},{"start":{"line":56,"column":247},"end":{"line":56,"column":null}}]},"4":{"loc":{"start":{"line":60,"column":11},"end":{"line":60,"column":null}},"type":"cond-expr","locations":[{"start":{"line":60,"column":34},"end":{"line":60,"column":48}},{"start":{"line":60,"column":48},"end":{"line":60,"column":null}}]},"5":{"loc":{"start":{"line":62,"column":120},"end":{"line":62,"column":null}},"type":"cond-expr","locations":[{"start":{"line":62,"column":138},"end":{"line":62,"column":164}},{"start":{"line":62,"column":164},"end":{"line":62,"column":null}}]},"6":{"loc":{"start":{"line":63,"column":11},"end":{"line":63,"column":null}},"type":"cond-expr","locations":[{"start":{"line":63,"column":29},"end":{"line":63,"column":51}},{"start":{"line":63,"column":51},"end":{"line":63,"column":null}}]},"7":{"loc":{"start":{"line":73,"column":128},"end":{"line":73,"column":null}},"type":"cond-expr","locations":[{"start":{"line":73,"column":139},"end":{"line":73,"column":195}},{"start":{"line":73,"column":195},"end":{"line":73,"column":null}}]},"8":{"loc":{"start":{"line":83,"column":94},"end":{"line":83,"column":null}},"type":"cond-expr","locations":[{"start":{"line":83,"column":115},"end":{"line":83,"column":150}},{"start":{"line":83,"column":150},"end":{"line":83,"column":null}}]},"9":{"loc":{"start":{"line":84,"column":11},"end":{"line":84,"column":42}},"type":"cond-expr","locations":[{"start":{"line":84,"column":32},"end":{"line":84,"column":38}},{"start":{"line":84,"column":38},"end":{"line":84,"column":42}}]},"10":{"loc":{"start":{"line":123,"column":67},"end":{"line":123,"column":122}},"type":"cond-expr","locations":[{"start":{"line":123,"column":84},"end":{"line":123,"column":104}},{"start":{"line":123,"column":104},"end":{"line":123,"column":122}}]},"11":{"loc":{"start":{"line":125,"column":29},"end":{"line":125,"column":82}},"type":"cond-expr","locations":[{"start":{"line":125,"column":46},"end":{"line":125,"column":65}},{"start":{"line":125,"column":65},"end":{"line":125,"column":82}}]},"12":{"loc":{"start":{"line":147,"column":72},"end":{"line":147,"column":92}},"type":"binary-expr","locations":[{"start":{"line":147,"column":72},"end":{"line":147,"column":90}},{"start":{"line":147,"column":90},"end":{"line":147,"column":92}}]},"13":{"loc":{"start":{"line":169,"column":80},"end":{"line":169,"column":118}},"type":"cond-expr","locations":[{"start":{"line":169,"column":101},"end":{"line":169,"column":111}},{"start":{"line":169,"column":111},"end":{"line":169,"column":118}}]},"14":{"loc":{"start":{"line":207,"column":124},"end":{"line":207,"column":217}},"type":"cond-expr","locations":[{"start":{"line":207,"column":150},"end":{"line":207,"column":185}},{"start":{"line":207,"column":185},"end":{"line":207,"column":217}}]},"15":{"loc":{"start":{"line":208,"column":93},"end":{"line":208,"column":150}},"type":"cond-expr","locations":[{"start":{"line":208,"column":113},"end":{"line":208,"column":132}},{"start":{"line":208,"column":132},"end":{"line":208,"column":150}}]}},"s":{"0":13,"1":1,"2":1,"3":1,"4":1,"5":305,"6":90,"7":18,"8":24,"9":18,"10":24,"11":18,"12":24,"13":18,"14":24,"15":18,"16":24,"17":28,"18":40,"19":1,"20":14,"21":20,"22":14,"23":20,"24":28,"25":28,"26":84,"27":84,"28":14,"29":20,"30":14,"31":20,"32":14,"33":20,"34":22,"35":16,"36":22,"37":16,"38":22,"39":13,"40":19,"41":13,"42":13,"43":19,"44":13,"45":13,"46":13,"47":19,"48":13,"49":26,"50":13,"51":26,"52":13,"53":19,"54":13,"55":13,"56":13,"57":13},"f":{"0":305,"1":90,"2":18,"3":24,"4":24,"5":24,"6":24,"7":24,"8":28,"9":40,"10":1,"11":14,"12":20,"13":20,"14":28,"15":28,"16":84,"17":84,"18":14,"19":20,"20":20,"21":20,"22":22,"23":16,"24":22,"25":22,"26":13,"27":19,"28":13,"29":13,"30":19,"31":13,"32":13,"33":19,"34":26,"35":26,"36":13,"37":19,"38":13,"39":13},"b":{"0":[90,29],"1":[90,0],"2":[15,3],"3":[2,1],"4":[15,3],"5":[2,16],"6":[2,16],"7":[14,14],"8":[14,14],"9":[14,14],"10":[42,42],"11":[42,42],"12":[14,0],"13":[16,0],"14":[13,0],"15":[13,0]}}
}
