TN:
SF:src/hooks/useOrderBook.ts
FN:24,(anonymous_3)
FN:28,(anonymous_4)
FN:31,useMarketWebsocket
FN:33,(anonymous_6)
FN:36,(anonymous_7)
FN:40,(anonymous_8)
FN:42,(anonymous_9)
FN:50,(anonymous_10)
FN:51,(anonymous_11)
FN:57,(anonymous_12)
FN:59,(anonymous_13)
FNF:11
FNH:11
FNDA:1,(anonymous_3)
FNDA:5,(anonymous_4)
FNDA:9,useMarketWebsocket
FNDA:11,(anonymous_6)
FNDA:5,(anonymous_7)
FNDA:3,(anonymous_8)
FNDA:3,(anonymous_9)
FNDA:1,(anonymous_10)
FNDA:1,(anonymous_11)
FNDA:4,(anonymous_12)
FNDA:4,(anonymous_13)
DA:1,1
DA:2,1
DA:24,16
DA:28,5
DA:31,9
DA:32,9
DA:33,11
DA:34,9
DA:36,9
DA:38,5
DA:40,5
DA:42,5
DA:44,3
DA:45,3
DA:46,2
DA:50,5
DA:51,5
DA:52,1
DA:53,1
DA:57,9
DA:58,4
DA:59,4
DA:62,9
LF:23
LH:23
BRDA:45,0,0,2
BRDA:45,0,1,1
BRF:2
BRH:2
end_of_record
TN:
SF:src/lib/tradingStore.ts
FN:25,(anonymous_3)
FN:27,(anonymous_4)
FN:39,(anonymous_5)
FN:39,(anonymous_6)
FN:40,(anonymous_7)
FN:40,(anonymous_8)
FN:41,(anonymous_9)
FN:42,(anonymous_10)
FN:42,(anonymous_11)
FNF:9
FNH:9
FNDA:77,(anonymous_3)
FNDA:2,(anonymous_4)
FNDA:5,(anonymous_5)
FNDA:5,(anonymous_6)
FNDA:7,(anonymous_7)
FNDA:7,(anonymous_8)
FNDA:2,(anonymous_9)
FNDA:12,(anonymous_10)
FNDA:12,(anonymous_11)
DA:1,2
DA:25,77
DA:27,352
DA:39,5
DA:40,7
DA:41,2
DA:42,12
LF:7
LH:7
BRDA:39,0,0,3
BRDA:39,0,1,2
BRDA:40,1,0,4
BRDA:40,1,1,3
BRF:4
BRH:4
end_of_record
TN:
SF:src/pages/index.tsx
FN:11,classNames
FN:15,Metric
FN:32,Header
FN:33,(anonymous_5)
FN:34,(anonymous_6)
FN:35,(anonymous_7)
FN:36,(anonymous_8)
FN:37,(anonymous_9)
FN:70,MarketRow
FN:71,(anonymous_11)
FN:73,(anonymous_12)
FN:97,MarketsPanel
FN:98,(anonymous_14)
FN:99,(anonymous_15)
FN:110,(anonymous_16)
FN:116,OrderBookSide
FN:117,(anonymous_18)
FN:121,(anonymous_19)
FN:134,OrderBookPanel
FN:135,(anonymous_21)
FN:136,(anonymous_22)
FN:137,(anonymous_23)
FN:137,(anonymous_24)
FN:158,RiskPanel
FN:159,(anonymous_26)
FN:160,(anonymous_27)
FN:187,PositionsPanel
FN:188,(anonymous_29)
FN:204,(anonymous_30)
FN:219,ActivityPanel
FN:220,(anonymous_32)
FN:229,(anonymous_33)
FN:243,Hero
FN:244,(anonymous_35)
FN:245,(anonymous_36)
FN:246,(anonymous_37)
FN:261,Home
FN:262,(anonymous_39)
FN:264,(anonymous_40)
FN:266,(anonymous_41)
FNF:40
FNH:40
FNDA:305,classNames
FNDA:90,Metric
FNDA:18,Header
FNDA:24,(anonymous_5)
FNDA:24,(anonymous_6)
FNDA:24,(anonymous_7)
FNDA:24,(anonymous_8)
FNDA:24,(anonymous_9)
FNDA:28,MarketRow
FNDA:40,(anonymous_11)
FNDA:1,(anonymous_12)
FNDA:14,MarketsPanel
FNDA:20,(anonymous_14)
FNDA:20,(anonymous_15)
FNDA:28,(anonymous_16)
FNDA:28,OrderBookSide
FNDA:84,(anonymous_18)
FNDA:84,(anonymous_19)
FNDA:14,OrderBookPanel
FNDA:20,(anonymous_21)
FNDA:20,(anonymous_22)
FNDA:20,(anonymous_23)
FNDA:22,(anonymous_24)
FNDA:16,RiskPanel
FNDA:22,(anonymous_26)
FNDA:22,(anonymous_27)
FNDA:13,PositionsPanel
FNDA:19,(anonymous_29)
FNDA:13,(anonymous_30)
FNDA:13,ActivityPanel
FNDA:19,(anonymous_32)
FNDA:13,(anonymous_33)
FNDA:13,Hero
FNDA:19,(anonymous_35)
FNDA:26,(anonymous_36)
FNDA:26,(anonymous_37)
FNDA:13,Home
FNDA:19,(anonymous_39)
FNDA:13,(anonymous_40)
FNDA:13,(anonymous_41)
DA:1,1
DA:2,1
DA:3,1
DA:5,1
DA:12,305
DA:16,90
DA:33,24
DA:34,24
DA:35,24
DA:36,24
DA:37,24
DA:71,40
DA:73,1
DA:98,20
DA:99,20
DA:110,28
DA:117,84
DA:122,84
DA:135,20
DA:136,20
DA:137,22
DA:159,22
DA:160,22
DA:188,19
DA:205,13
DA:220,19
DA:221,13
DA:230,13
DA:244,19
DA:245,26
DA:246,26
DA:261,13
DA:262,19
DA:264,13
DA:265,13
DA:266,13
LF:36
LH:36
BRDA:21,0,0,90
BRDA:21,0,1,29
BRDA:27,1,0,90
BRDA:27,1,1,0
BRDA:56,2,0,15
BRDA:56,2,1,3
BRDA:56,3,0,2
BRDA:56,3,1,1
BRDA:60,4,0,15
BRDA:60,4,1,3
BRDA:62,5,0,2
BRDA:62,5,1,16
BRDA:63,6,0,2
BRDA:63,6,1,16
BRDA:73,7,0,14
BRDA:73,7,1,14
BRDA:83,8,0,14
BRDA:83,8,1,14
BRDA:84,9,0,14
BRDA:84,9,1,14
BRDA:123,10,0,42
BRDA:123,10,1,42
BRDA:125,11,0,42
BRDA:125,11,1,42
BRDA:147,12,0,14
BRDA:147,12,1,0
BRDA:169,13,0,16
BRDA:169,13,1,0
BRDA:207,14,0,13
BRDA:207,14,1,0
BRDA:208,15,0,13
BRDA:208,15,1,0
BRF:32
BRH:27
end_of_record
